Build started 2/15/2017 10:49:30 AM.
     1>Project "C:\Users\163916M\Desktop\Studio_Project_02\DM2122_Framework\Application\Application.vcxproj" on node 2 (Build target(s)).
     1>ClCompile:
         C:\Program Files (x86)\Microsoft Visual Studio 12.0\VC\bin\CL.exe /c /IC:\Users\163916M\Desktop\Studio_Project_02\DM2122_Framework\\glew\include /IC:\Users\163916M\Desktop\Studio_Project_02\DM2122_Framework\\glfw\include /IC:\Users\163916M\Desktop\Studio_Project_02\DM2122_Framework\\Common\Source /ZI /nologo /W3 /WX- /Od /Oy- /D WIN32 /D _DEBUG /D _CONSOLE /D _LIB /D _UNICODE /D UNICODE /Gm /EHsc /RTC1 /MDd /GS /fp:precise /Zc:wchar_t /Zc:forScope /Fo"Debug\\" /Fd"Debug\vc120.pdb" /Gd /TP /analyze- /errorReport:prompt Source\GameObject.cpp
         GameObject.cpp
       Link:
         C:\Program Files (x86)\Microsoft Visual Studio 12.0\VC\bin\link.exe /ERRORREPORT:PROMPT /OUT:"C:\Users\163916M\Desktop\Studio_Project_02\DM2122_Framework\Debug\Application.exe" /INCREMENTAL /NOLOGO /LIBPATH:C:\Users\163916M\Desktop\Studio_Project_02\DM2122_Framework\\glew\lib /LIBPATH:"C:\Users\163916M\Desktop\Studio_Project_02\DM2122_Framework\\glfw\lib-msvc120" /LIBPATH:C:\Users\163916M\Desktop\Studio_Project_02\DM2122_Framework\Debug glew32.lib glfw3.lib opengl32.lib winmm.lib Common.lib kernel32.lib user32.lib gdi32.lib winspool.lib comdlg32.lib advapi32.lib shell32.lib ole32.lib oleaut32.lib uuid.lib odbc32.lib odbccp32.lib /MANIFEST /MANIFESTUAC:"level='asInvoker' uiAccess='false'" /manifest:embed /DEBUG /PDB:"C:\Users\163916M\Desktop\Studio_Project_02\DM2122_Framework\Debug\Application.pdb" /SUBSYSTEM:CONSOLE /TLBID:1 /DYNAMICBASE /NXCOMPAT /IMPLIB:"C:\Users\163916M\Desktop\Studio_Project_02\DM2122_Framework\Debug\Application.lib" /MACHINE:X86 Debug\Application.obj
         Debug\Camera.obj
         Debug\Camera3.obj
         Debug\Character.obj
         Debug\GameObject.obj
         Debug\LoadOBJ.obj
         Debug\LoadTGA.obj
         Debug\main.obj
         Debug\Mesh.obj
         Debug\MeshBuilder.obj
         Debug\Player.obj
         Debug\Scene01.obj
         Debug\Scene02.obj
         Debug\Scene03.obj
         Debug\shader.obj
         Debug\Utility.obj
         Debug\Weapon.obj
         LINK : C:\Users\163916M\Desktop\Studio_Project_02\DM2122_Framework\Debug\Application.exe not found or not built by the last incremental link; performing full link
     1>LINK : warning LNK4098: defaultlib 'MSVCRT' conflicts with use of other libs; use /NODEFAULTLIB:library
         Application.vcxproj -> C:\Users\163916M\Desktop\Studio_Project_02\DM2122_Framework\Debug\Application.exe
     1>Done Building Project "C:\Users\163916M\Desktop\Studio_Project_02\DM2122_Framework\Application\Application.vcxproj" (Build target(s)).

Build succeeded.

Time Elapsed 00:00:00.92
