d:\year 1 sem 2\computer graphics\dm2122_framework\application\debug\vc120.pdb
d:\year 1 sem 2\computer graphics\dm2122_framework\application\debug\vc120.idb
d:\year 1 sem 2\computer graphics\dm2122_framework\application\debug\application.obj
d:\year 1 sem 2\computer graphics\dm2122_framework\application\debug\camera.obj
d:\year 1 sem 2\computer graphics\dm2122_framework\application\debug\camera2.obj
d:\year 1 sem 2\computer graphics\dm2122_framework\application\debug\loadtga.obj
d:\year 1 sem 2\computer graphics\dm2122_framework\application\debug\main.obj
d:\year 1 sem 2\computer graphics\dm2122_framework\application\debug\mesh.obj
d:\year 1 sem 2\computer graphics\dm2122_framework\application\debug\meshbuilder.obj
d:\year 1 sem 2\computer graphics\dm2122_framework\application\debug\scene1.obj
d:\year 1 sem 2\computer graphics\dm2122_framework\application\debug\scene2.obj
d:\year 1 sem 2\computer graphics\dm2122_framework\application\debug\scene3.obj
d:\year 1 sem 2\computer graphics\dm2122_framework\application\debug\scene4.obj
d:\year 1 sem 2\computer graphics\dm2122_framework\application\debug\scene5.obj
d:\year 1 sem 2\computer graphics\dm2122_framework\application\debug\scenelight2.obj
d:\year 1 sem 2\computer graphics\dm2122_framework\application\debug\scenetexture.obj
d:\year 1 sem 2\computer graphics\dm2122_framework\application\debug\shader.obj
d:\year 1 sem 2\computer graphics\dm2122_framework\application\debug\utility.obj
d:\year 1 sem 2\computer graphics\dm2122_framework\debug\application.ilk
d:\year 1 sem 2\computer graphics\dm2122_framework\debug\application.exe
d:\year 1 sem 2\computer graphics\dm2122_framework\debug\application.pdb
d:\year 1 sem 2\computer graphics\dm2122_framework\application\debug\application.tlog\cl.command.1.tlog
d:\year 1 sem 2\computer graphics\dm2122_framework\application\debug\application.tlog\cl.read.1.tlog
d:\year 1 sem 2\computer graphics\dm2122_framework\application\debug\application.tlog\cl.write.1.tlog
d:\year 1 sem 2\computer graphics\dm2122_framework\application\debug\application.tlog\link.command.1.tlog
d:\year 1 sem 2\computer graphics\dm2122_framework\application\debug\application.tlog\link.read.1.tlog
d:\year 1 sem 2\computer graphics\dm2122_framework\application\debug\application.tlog\link.write.1.tlog
